2022-11-15 10:45:53.947 ERROR com.alibaba.druid.pool.DruidDataSource            :795  [32m247552661547782144[0;39m testWhileIdle is true, validationQuery not set
2022-11-15 14:11:54.628 ERROR com.alibaba.druid.pool.DruidDataSource            :795  [32m247604506479693824[0;39m testWhileIdle is true, validationQuery not set
2022-11-15 14:13:31.510 ERROR com.alibaba.druid.pool.DruidDataSource            :795  [32m247604912404434944[0;39m testWhileIdle is true, validationQuery not set
2022-11-15 14:23:05.144 ERROR com.alibaba.druid.pool.DruidDataSource            :795  [32m247607318194294784[0;39m testWhileIdle is true, validationQuery not set
2022-11-15 14:34:23.679 ERROR com.alibaba.druid.pool.DruidDataSource            :795  [32m247610164453183488[0;39m testWhileIdle is true, validationQuery not set
2022-11-15 14:34:46.764 ERROR com.alibaba.druid.pool.DruidDataSource            :795  [32m247610261249331200[0;39m testWhileIdle is true, validationQuery not set
2022-11-15 14:35:41.266 ERROR com.alibaba.druid.pool.DruidDataSource            :795  [32m247610489830510592[0;39m testWhileIdle is true, validationQuery not set
2022-11-15 15:22:03.687 ERROR org.springframework.boot.SpringApplication        :837  [32m                  [0;39m Application run failed
org.springframework.beans.factory.BeanCreationException: Error creating bean with name 'requestMappingHandlerMapping' defined in class path resource [org/springframework/boot/autoconfigure/web/servlet/WebMvcAutoConfiguration$EnableWebMvcConfiguration.class]: Invocation of init method failed; nested exception is java.lang.IllegalStateException: Ambiguous mapping. Cannot map 'docController' method 
com.rrzui.wiki.controller.DocController#remove(Integer[])
to {GET /doc/remove}: There is already 'docController' bean method
com.rrzui.wiki.controller.DocController#remove(int) mapped.
	at org.springframework.beans.factory.support.AbstractAutowireCapableBeanFactory.initializeBean(AbstractAutowireCapableBeanFactory.java:1794)
	at org.springframework.beans.factory.support.AbstractAutowireCapableBeanFactory.doCreateBean(AbstractAutowireCapableBeanFactory.java:594)
	at org.springframework.beans.factory.support.AbstractAutowireCapableBeanFactory.createBean(AbstractAutowireCapableBeanFactory.java:516)
	at org.springframework.beans.factory.support.AbstractBeanFactory.lambda$doGetBean$0(AbstractBeanFactory.java:324)
	at org.springframework.beans.factory.support.DefaultSingletonBeanRegistry.getSingleton(DefaultSingletonBeanRegistry.java:234)
	at org.springframework.beans.factory.support.AbstractBeanFactory.doGetBean(AbstractBeanFactory.java:322)
	at org.springframework.beans.factory.support.AbstractBeanFactory.getBean(AbstractBeanFactory.java:202)
	at org.springframework.beans.factory.support.DefaultListableBeanFactory.preInstantiateSingletons(DefaultListableBeanFactory.java:897)
	at org.springframework.context.support.AbstractApplicationContext.finishBeanFactoryInitialization(AbstractApplicationContext.java:879)
	at org.springframework.context.support.AbstractApplicationContext.refresh(AbstractApplicationContext.java:551)
	at org.springframework.boot.web.servlet.context.ServletWebServerApplicationContext.refresh(ServletWebServerApplicationContext.java:143)
	at org.springframework.boot.SpringApplication.refresh(SpringApplication.java:758)
	at org.springframework.boot.SpringApplication.refresh(SpringApplication.java:750)
	at org.springframework.boot.SpringApplication.refreshContext(SpringApplication.java:405)
	at org.springframework.boot.SpringApplication.run(SpringApplication.java:315)
	at com.rrzui.wiki.config.WikiApplication.main(WikiApplication.java:23)
	at sun.reflect.NativeMethodAccessorImpl.invoke0(Native Method)
	at sun.reflect.NativeMethodAccessorImpl.invoke(NativeMethodAccessorImpl.java:62)
	at sun.reflect.DelegatingMethodAccessorImpl.invoke(DelegatingMethodAccessorImpl.java:43)
	at java.lang.reflect.Method.invoke(Method.java:498)
	at org.springframework.boot.devtools.restart.RestartLauncher.run(RestartLauncher.java:49)
Caused by: java.lang.IllegalStateException: Ambiguous mapping. Cannot map 'docController' method 
com.rrzui.wiki.controller.DocController#remove(Integer[])
to {GET /doc/remove}: There is already 'docController' bean method
com.rrzui.wiki.controller.DocController#remove(int) mapped.
	at org.springframework.web.servlet.handler.AbstractHandlerMethodMapping$MappingRegistry.validateMethodMapping(AbstractHandlerMethodMapping.java:636)
	at org.springframework.web.servlet.handler.AbstractHandlerMethodMapping$MappingRegistry.register(AbstractHandlerMethodMapping.java:603)
	at org.springframework.web.servlet.handler.AbstractHandlerMethodMapping.registerHandlerMethod(AbstractHandlerMethodMapping.java:318)
	at org.springframework.web.servlet.mvc.method.annotation.RequestMappingHandlerMapping.registerHandlerMethod(RequestMappingHandlerMapping.java:378)
	at org.springframework.web.servlet.mvc.method.annotation.RequestMappingHandlerMapping.registerHandlerMethod(RequestMappingHandlerMapping.java:75)
	at org.springframework.web.servlet.handler.AbstractHandlerMethodMapping.lambda$detectHandlerMethods$1(AbstractHandlerMethodMapping.java:288)
	at java.util.LinkedHashMap.forEach(LinkedHashMap.java:684)
	at org.springframework.web.servlet.handler.AbstractHandlerMethodMapping.detectHandlerMethods(AbstractHandlerMethodMapping.java:286)
	at org.springframework.web.servlet.handler.AbstractHandlerMethodMapping.processCandidateBean(AbstractHandlerMethodMapping.java:258)
	at org.springframework.web.servlet.handler.AbstractHandlerMethodMapping.initHandlerMethods(AbstractHandlerMethodMapping.java:217)
	at org.springframework.web.servlet.handler.AbstractHandlerMethodMapping.afterPropertiesSet(AbstractHandlerMethodMapping.java:205)
	at org.springframework.web.servlet.mvc.method.annotation.RequestMappingHandlerMapping.afterPropertiesSet(RequestMappingHandlerMapping.java:189)
	at org.springframework.beans.factory.support.AbstractAutowireCapableBeanFactory.invokeInitMethods(AbstractAutowireCapableBeanFactory.java:1853)
	at org.springframework.beans.factory.support.AbstractAutowireCapableBeanFactory.initializeBean(AbstractAutowireCapableBeanFactory.java:1790)
	... 20 common frames omitted
2022-11-15 15:33:18.791 ERROR com.alibaba.druid.pool.DruidDataSource            :795  [32m247624992156684288[0;39m testWhileIdle is true, validationQuery not set
2022-11-15 15:38:46.061 ERROR com.alibaba.druid.pool.DruidDataSource            :795  [32m247626364402929664[0;39m testWhileIdle is true, validationQuery not set
2022-11-15 16:47:45.499 ERROR com.alibaba.druid.pool.DruidDataSource            :795  [32m247643726422347776[0;39m testWhileIdle is true, validationQuery not set
2022-11-15 16:48:13.309 ERROR com.alibaba.druid.pool.DruidDataSource            :795  [32m247643843154022400[0;39m testWhileIdle is true, validationQuery not set
