2022-11-10 09:04:15.626 INFO  com.rrzui.wiki.config.WikiApplication             :55   [32m                  [0;39m Starting WikiApplication on Rui with PID 18600 (C:\Users\r\Desktop\粤嵌项目\wiki\target\classes started by r in C:\Users\r\Desktop\粤嵌项目)
2022-11-10 09:04:15.634 INFO  com.rrzui.wiki.config.WikiApplication             :651  [32m                  [0;39m No active profile set, falling back to default profiles: default
2022-11-10 09:04:15.698 INFO  o.s.b.d.env.DevToolsPropertyDefaultsPostProcessor :225  [32m                  [0;39m Devtools property defaults active! Set 'spring.devtools.add-properties' to 'false' to disable
2022-11-10 09:04:15.698 INFO  o.s.b.d.env.DevToolsPropertyDefaultsPostProcessor :225  [32m                  [0;39m For additional web related logging consider setting the 'logging.level.web' property to 'DEBUG'
2022-11-10 09:04:16.538 INFO  o.s.boot.web.embedded.tomcat.TomcatWebServer      :108  [32m                  [0;39m Tomcat initialized with port(s): 8080 (http)
2022-11-10 09:04:16.545 INFO  org.apache.coyote.http11.Http11NioProtocol        :173  [32m                  [0;39m Initializing ProtocolHandler ["http-nio-8080"]
2022-11-10 09:04:16.546 INFO  org.apache.catalina.core.StandardService          :173  [32m                  [0;39m Starting service [Tomcat]
2022-11-10 09:04:16.546 INFO  org.apache.catalina.core.StandardEngine           :173  [32m                  [0;39m Starting Servlet engine: [Apache Tomcat/9.0.41]
2022-11-10 09:04:16.609 INFO  o.a.c.core.ContainerBase.[Tomcat].[localhost].[/] :173  [32m                  [0;39m Initializing Spring embedded WebApplicationContext
2022-11-10 09:04:16.610 INFO  o.s.b.w.s.c.ServletWebServerApplicationContext    :285  [32m                  [0;39m Root WebApplicationContext: initialization completed in 911 ms
2022-11-10 09:04:17.669 INFO  o.s.scheduling.concurrent.ThreadPoolTaskExecutor  :181  [32m                  [0;39m Initializing ExecutorService 'applicationTaskExecutor'
2022-11-10 09:04:17.889 INFO  o.s.b.d.autoconfigure.OptionalLiveReloadServer    :58   [32m                  [0;39m LiveReload server is running on port 35729
2022-11-10 09:04:17.908 INFO  org.apache.coyote.http11.Http11NioProtocol        :173  [32m                  [0;39m Starting ProtocolHandler ["http-nio-8080"]
2022-11-10 09:04:17.926 INFO  o.s.boot.web.embedded.tomcat.TomcatWebServer      :220  [32m                  [0;39m Tomcat started on port(s): 8080 (http) with context path ''
2022-11-10 09:04:17.934 INFO  com.rrzui.wiki.config.WikiApplication             :61   [32m                  [0;39m Started WikiApplication in 2.802 seconds (JVM running for 3.833)
2022-11-10 09:04:17.936 INFO  com.rrzui.wiki.config.WikiApplication             :24   [32m                  [0;39m 启动成功！！
2022-11-10 09:04:17.936 INFO  com.rrzui.wiki.config.WikiApplication             :25   [32m                  [0;39m 地址：	http://127.0.0.1:8080
2022-11-10 09:06:23.028 INFO  o.s.scheduling.concurrent.ThreadPoolTaskExecutor  :218  [32m                  [0;39m Shutting down ExecutorService 'applicationTaskExecutor'
2022-11-10 09:06:23.164 INFO  com.rrzui.wiki.config.WikiApplication             :55   [32m                  [0;39m Starting WikiApplication on Rui with PID 18600 (C:\Users\r\Desktop\粤嵌项目\wiki\target\classes started by r in C:\Users\r\Desktop\粤嵌项目)
2022-11-10 09:06:23.165 INFO  com.rrzui.wiki.config.WikiApplication             :651  [32m                  [0;39m No active profile set, falling back to default profiles: default
2022-11-10 09:06:23.384 INFO  o.s.boot.web.embedded.tomcat.TomcatWebServer      :108  [32m                  [0;39m Tomcat initialized with port(s): 8080 (http)
2022-11-10 09:06:23.385 INFO  org.apache.coyote.http11.Http11NioProtocol        :173  [32m                  [0;39m Initializing ProtocolHandler ["http-nio-8080"]
2022-11-10 09:06:23.385 INFO  org.apache.catalina.core.StandardService          :173  [32m                  [0;39m Starting service [Tomcat]
2022-11-10 09:06:23.385 INFO  org.apache.catalina.core.StandardEngine           :173  [32m                  [0;39m Starting Servlet engine: [Apache Tomcat/9.0.41]
2022-11-10 09:06:23.398 INFO  o.a.c.core.ContainerBase.[Tomcat].[localhost].[/] :173  [32m                  [0;39m Initializing Spring embedded WebApplicationContext
2022-11-10 09:06:23.398 INFO  o.s.b.w.s.c.ServletWebServerApplicationContext    :285  [32m                  [0;39m Root WebApplicationContext: initialization completed in 230 ms
2022-11-10 09:06:23.794 INFO  o.s.scheduling.concurrent.ThreadPoolTaskExecutor  :181  [32m                  [0;39m Initializing ExecutorService 'applicationTaskExecutor'
2022-11-10 09:06:23.829 INFO  o.s.b.d.autoconfigure.OptionalLiveReloadServer    :58   [32m                  [0;39m LiveReload server is running on port 35729
2022-11-10 09:06:23.839 INFO  org.apache.coyote.http11.Http11NioProtocol        :173  [32m                  [0;39m Starting ProtocolHandler ["http-nio-8080"]
2022-11-10 09:06:23.842 INFO  o.s.boot.web.embedded.tomcat.TomcatWebServer      :220  [32m                  [0;39m Tomcat started on port(s): 8080 (http) with context path ''
2022-11-10 09:06:23.845 INFO  com.rrzui.wiki.config.WikiApplication             :61   [32m                  [0;39m Started WikiApplication in 0.712 seconds (JVM running for 129.745)
2022-11-10 09:06:23.846 INFO  o.s.b.d.a.ConditionEvaluationDeltaLoggingListener :63   [32m                  [0;39m Condition evaluation unchanged
2022-11-10 09:06:23.847 INFO  com.rrzui.wiki.config.WikiApplication             :24   [32m                  [0;39m 启动成功！！
2022-11-10 09:06:23.847 INFO  com.rrzui.wiki.config.WikiApplication             :25   [32m                  [0;39m 地址：	http://127.0.0.1:8080
2022-11-10 09:06:25.631 INFO  o.s.scheduling.concurrent.ThreadPoolTaskExecutor  :218  [32m                  [0;39m Shutting down ExecutorService 'applicationTaskExecutor'
2022-11-10 09:06:25.727 INFO  com.rrzui.wiki.config.WikiApplication             :55   [32m                  [0;39m Starting WikiApplication on Rui with PID 18600 (C:\Users\r\Desktop\粤嵌项目\wiki\target\classes started by r in C:\Users\r\Desktop\粤嵌项目)
2022-11-10 09:06:25.727 INFO  com.rrzui.wiki.config.WikiApplication             :651  [32m                  [0;39m No active profile set, falling back to default profiles: default
2022-11-10 09:06:25.853 INFO  o.s.boot.web.embedded.tomcat.TomcatWebServer      :108  [32m                  [0;39m Tomcat initialized with port(s): 8080 (http)
2022-11-10 09:06:25.853 INFO  org.apache.coyote.http11.Http11NioProtocol        :173  [32m                  [0;39m Initializing ProtocolHandler ["http-nio-8080"]
2022-11-10 09:06:25.854 INFO  org.apache.catalina.core.StandardService          :173  [32m                  [0;39m Starting service [Tomcat]
2022-11-10 09:06:25.854 INFO  org.apache.catalina.core.StandardEngine           :173  [32m                  [0;39m Starting Servlet engine: [Apache Tomcat/9.0.41]
2022-11-10 09:06:25.871 INFO  o.a.c.core.ContainerBase.[Tomcat].[localhost].[/] :173  [32m                  [0;39m Initializing Spring embedded WebApplicationContext
2022-11-10 09:06:25.871 INFO  o.s.b.w.s.c.ServletWebServerApplicationContext    :285  [32m                  [0;39m Root WebApplicationContext: initialization completed in 142 ms
2022-11-10 09:06:26.242 INFO  o.s.scheduling.concurrent.ThreadPoolTaskExecutor  :181  [32m                  [0;39m Initializing ExecutorService 'applicationTaskExecutor'
2022-11-10 09:06:26.277 INFO  o.s.b.d.autoconfigure.OptionalLiveReloadServer    :58   [32m                  [0;39m LiveReload server is running on port 35729
2022-11-10 09:06:26.285 INFO  org.apache.coyote.http11.Http11NioProtocol        :173  [32m                  [0;39m Starting ProtocolHandler ["http-nio-8080"]
2022-11-10 09:06:26.288 INFO  o.s.boot.web.embedded.tomcat.TomcatWebServer      :220  [32m                  [0;39m Tomcat started on port(s): 8080 (http) with context path ''
2022-11-10 09:06:26.290 INFO  com.rrzui.wiki.config.WikiApplication             :61   [32m                  [0;39m Started WikiApplication in 0.585 seconds (JVM running for 132.189)
2022-11-10 09:06:26.291 INFO  o.s.b.d.a.ConditionEvaluationDeltaLoggingListener :63   [32m                  [0;39m Condition evaluation unchanged
2022-11-10 09:06:26.291 INFO  com.rrzui.wiki.config.WikiApplication             :24   [32m                  [0;39m 启动成功！！
2022-11-10 09:06:26.292 INFO  com.rrzui.wiki.config.WikiApplication             :25   [32m                  [0;39m 地址：	http://127.0.0.1:8080
2022-11-10 09:17:39.711 INFO  o.a.c.core.ContainerBase.[Tomcat].[localhost].[/] :173  [32m                  [0;39m Initializing Spring DispatcherServlet 'dispatcherServlet'
2022-11-10 09:17:39.711 INFO  org.springframework.web.servlet.DispatcherServlet :525  [32m                  [0;39m Initializing Servlet 'dispatcherServlet'
2022-11-10 09:17:39.719 INFO  org.springframework.web.servlet.DispatcherServlet :547  [32m                  [0;39m Completed initialization in 8 ms
2022-11-10 09:17:39.819 ERROR com.alibaba.druid.pool.DruidDataSource            :795  [32m                  [0;39m testWhileIdle is true, validationQuery not set
2022-11-10 09:17:39.826 INFO  com.alibaba.druid.pool.DruidDataSource            :655  [32m                  [0;39m {dataSource-1} inited
